[debug] [2020-06-14T23:26:45.938Z] ----------------------------------------------------------------------
[debug] [2020-06-14T23:26:45.940Z] Command:       C:\Users\Sam\AppData\Roaming\npm\node_modules\node\bin\node.exe C:\Users\Sam\AppData\Roaming\npm\node_modules\firebase-tools\lib\bin\firebase.js functions:shell
[debug] [2020-06-14T23:26:45.941Z] CLI Version:   8.0.2
[debug] [2020-06-14T23:26:45.941Z] Platform:      win32
[debug] [2020-06-14T23:26:45.941Z] Node Version:  v13.5.0
[debug] [2020-06-14T23:26:45.942Z] Time:          Sun Jun 14 2020 18:26:45 GMT-0500 (Central Daylight Time)
[debug] [2020-06-14T23:26:45.942Z] ----------------------------------------------------------------------
[debug] [2020-06-14T23:26:45.942Z] 
[debug] [2020-06-14T23:26:45.952Z] > command requires scopes: ["email","openid","https://www.googleapis.com/auth/cloudplatformprojects.readonly","https://www.googleapis.com/auth/firebase","https://www.googleapis.com/auth/cloud-platform"]
[debug] [2020-06-14T23:26:45.952Z] > authorizing via signed-in user
[debug] [2020-06-14T23:26:45.953Z] [iam] checking project diyhacks---stage for permissions ["firebase.projects.get"]
[debug] [2020-06-14T23:26:45.955Z] >>> HTTP REQUEST POST https://cloudresourcemanager.googleapis.com/v1/projects/diyhacks---stage:testIamPermissions  
 {"permissions":["firebase.projects.get"]}
[debug] [2020-06-14T23:26:46.093Z] <<< HTTP RESPONSE 200 {"content-type":"application/json; charset=UTF-8","vary":"X-Origin, Referer, Origin,Accept-Encoding","date":"Sun, 14 Jun 2020 23:26:45 GMT","server":"ESF","cache-control":"private","x-xss-protection":"0","x-frame-options":"SAMEORIGIN","x-content-type-options":"nosniff","server-timing":"gfet4t7; dur=49","alt-svc":"h3-27=\":443\"; ma=2592000,h3-25=\":443\"; ma=2592000,h3-T050=\":443\"; ma=2592000,h3-Q050=\":443\"; ma=2592000,h3-Q049=\":443\"; ma=2592000,h3-Q048=\":443\"; ma=2592000,h3-Q046=\":443\"; ma=2592000,h3-Q043=\":443\"; ma=2592000,quic=\":443\"; ma=2592000; v=\"46,43\"","accept-ranges":"none","transfer-encoding":"chunked"}
[warn] !  Your requested "node" version "8" doesn't match your global version "13"
[info] +  functions: functions emulator started at http://localhost:5000
[debug] [2020-06-14T23:26:48.125Z] [functions] Watching "C:\Users\Sam\Documents\Sites\diyhacks-app\functions" for Cloud Functions...
[debug] [2020-06-14T23:26:48.149Z] DEBUG: [worker-pool] addWorker(~diagnostic~)
[debug] [2020-06-14T23:26:48.150Z] DEBUG: [worker-pool] Adding worker with key ~diagnostic~, total=1
[debug] [2020-06-14T23:26:48.150Z] DEBUG: [worker-pool] submitWork(triggerId=)
[debug] [2020-06-14T23:26:48.151Z] DEBUG: [worker-~diagnostic~-3337af99-d828-4aa3-8884-18755590e31f]: Assigning socketPath: \\?\pipe\C:\Users\Sam\Documents\Sites\diyhacks-app\functions\17772
[debug] [2020-06-14T23:26:48.152Z] DEBUG: [worker-~diagnostic~-3337af99-d828-4aa3-8884-18755590e31f]: BUSY
[info] >  Debugger listening on ws://127.0.0.1:63761/95c77b86-2ff9-474a-ba75-b546b6e8003c {"user":"Debugger listening on ws://127.0.0.1:63761/95c77b86-2ff9-474a-ba75-b546b6e8003c\r"}
[info] >  For help, see: https://nodejs.org/en/docs/inspector {"user":"For help, see: https://nodejs.org/en/docs/inspector\r"}
[info] >  Debugger attached. {"user":"Debugger attached.\r"}
[debug] [2020-06-14T23:26:49.273Z] DEBUG: [runtime-status] [17772] Functions runtime initialized. {"cwd":"C:\\Users\\Sam\\Documents\\Sites\\diyhacks-app\\functions","node_version":"13.5.0"}
[debug] [2020-06-14T23:26:49.275Z] DEBUG: [runtime-status] [17772] Disabled runtime features: undefined
[debug] [2020-06-14T23:26:49.282Z] DEBUG: [runtime-status] [17772] Resolved module firebase-admin {"declared":true,"installed":true,"version":"8.12.1","resolution":"C:\\Users\\Sam\\Documents\\Sites\\diyhacks-app\\functions\\node_modules\\firebase-admin\\lib\\index.js"}
[debug] [2020-06-14T23:26:49.284Z] DEBUG: [runtime-status] [17772] Resolved module firebase-functions {"declared":true,"installed":true,"version":"3.6.2","resolution":"C:\\Users\\Sam\\Documents\\Sites\\diyhacks-app\\functions\\node_modules\\firebase-functions\\lib\\index.js"}
[debug] [2020-06-14T23:26:49.284Z] DEBUG: [runtime-status] [17772] Outgoing network have been stubbed. [{"name":"http","status":"mocked"},{"name":"http","status":"mocked"},{"name":"https","status":"mocked"},{"name":"https","status":"mocked"},{"name":"net","status":"mocked"}]
[debug] [2020-06-14T23:26:49.732Z] DEBUG: [runtime-status] [17772] Checked functions.config() {"config":{}}
[debug] [2020-06-14T23:26:49.732Z] DEBUG: [runtime-status] [17772] Error in handleMessage: {"frb":{"cwd":"C:\\Users\\Sam\\Documents\\Sites\\diyhacks-app\\functions","projectId":"diyhacks---stage","triggerId":"","emulators":{},"socketPath":"\\\\?\\pipe\\C:\\Users\\Sam\\Documents\\Sites\\diyhacks-app\\functions\\17772"},"opts":{"nodeBinary":"C:\\Users\\Sam\\AppData\\Roaming\\npm\\node_modules\\node\\bin\\node.exe"}} => TypeError: Cannot set property config of #<Object> which has only a getter: TypeError: Cannot set property config of #<Object> which has only a getter
    at C:\Users\Sam\AppData\Roaming\npm\node_modules\firebase-tools\lib\emulator\functionsEmulatorRuntime.js:457:19
    at Generator.next (<anonymous>)
    at fulfilled (C:\Users\Sam\AppData\Roaming\npm\node_modules\firebase-tools\lib\emulator\functionsEmulatorRuntime.js:5:58)
    at processTicksAndRejections (internal/process/task_queues.js:97:5)
[warn] !  functions: Cannot set property config of #<Object> which has only a getter
[warn] !  Your function was killed because it raised an unhandled error.
[debug] [2020-06-14T23:26:49.745Z] DEBUG: [worker-~diagnostic~-3337af99-d828-4aa3-8884-18755590e31f]: exited
[debug] [2020-06-14T23:26:49.745Z] DEBUG: [worker-~diagnostic~-3337af99-d828-4aa3-8884-18755590e31f]: FINISHED
